2024-06-19 02:02:52 INFO [com.example.yin.YinMusicApplication]: Starting YinMusicApplication using Java 17.0.1 on Annhe with PID 5664 (E:\SoftwareTask\music\music-website-master\music-server\target\classes started by HP in E:\SoftwareTask\music\music-website-master\music-server)
2024-06-19 02:02:52 INFO [com.example.yin.YinMusicApplication]: The following profiles are active: dev
2024-06-19 02:02:52 INFO [org.springframework.boot.devtools.env.DevToolsPropertyDefaultsPostProcessor]: Devtools property defaults active! Set 'spring.devtools.add-properties' to 'false' to disable
2024-06-19 02:02:52 INFO [org.springframework.boot.devtools.env.DevToolsPropertyDefaultsPostProcessor]: For additional web related logging consider setting the 'logging.level.web' property to 'DEBUG'
2024-06-19 02:02:52 INFO [org.springframework.data.repository.config.RepositoryConfigurationDelegate]: Multiple Spring Data modules found, entering strict repository configuration mode!
2024-06-19 02:02:52 INFO [org.springframework.data.repository.config.RepositoryConfigurationDelegate]: Bootstrapping Spring Data Redis repositories in DEFAULT mode.
2024-06-19 02:02:52 INFO [org.springframework.data.repository.config.RepositoryConfigurationDelegate]: Finished Spring Data repository scanning in 14 ms. Found 0 Redis repository interfaces.
2024-06-19 02:02:54 INFO [org.springframework.boot.web.embedded.tomcat.TomcatWebServer]: Tomcat initialized with port(s): 8898 (http)
2024-06-19 02:02:54 INFO [org.springframework.boot.web.servlet.context.ServletWebServerApplicationContext]: Root WebApplicationContext: initialization completed in 1862 ms
2024-06-19 02:02:54 INFO [org.springframework.boot.devtools.autoconfigure.OptionalLiveReloadServer]: LiveReload server is running on port 35729
2024-06-19 02:02:55 INFO [org.springframework.boot.web.embedded.tomcat.TomcatWebServer]: Tomcat started on port(s): 8898 (http) with context path ''
2024-06-19 02:02:55 INFO [com.example.yin.YinMusicApplication]: Started YinMusicApplication in 3.025 seconds (JVM running for 3.801)
2024-06-19 02:05:25 INFO [org.springframework.web.servlet.DispatcherServlet]: Initializing Servlet 'dispatcherServlet'
2024-06-19 02:05:25 INFO [org.springframework.web.servlet.DispatcherServlet]: Completed initialization in 1 ms
2024-06-19 02:05:25 INFO [com.zaxxer.hikari.HikariDataSource]: HikariPool-1 - Starting...
2024-06-19 02:05:25 INFO [com.zaxxer.hikari.HikariDataSource]: HikariPool-1 - Start completed.
2024-06-19 02:10:40 INFO [com.zaxxer.hikari.HikariDataSource]: HikariPool-1 - Shutdown initiated...
2024-06-19 02:10:40 INFO [com.zaxxer.hikari.HikariDataSource]: HikariPool-1 - Shutdown completed.
2024-06-19 02:26:50 INFO [com.example.yin.YinMusicApplication]: Starting YinMusicApplication using Java 17.0.1 on Annhe with PID 12232 (E:\SoftwareTask\music\music-website-master\music-server\target\classes started by HP in E:\SoftwareTask\music\music-website-master\music-server)
2024-06-19 02:26:50 INFO [com.example.yin.YinMusicApplication]: The following profiles are active: dev
2024-06-19 02:26:50 INFO [org.springframework.boot.devtools.env.DevToolsPropertyDefaultsPostProcessor]: Devtools property defaults active! Set 'spring.devtools.add-properties' to 'false' to disable
2024-06-19 02:26:50 INFO [org.springframework.boot.devtools.env.DevToolsPropertyDefaultsPostProcessor]: For additional web related logging consider setting the 'logging.level.web' property to 'DEBUG'
2024-06-19 02:26:50 INFO [org.springframework.data.repository.config.RepositoryConfigurationDelegate]: Multiple Spring Data modules found, entering strict repository configuration mode!
2024-06-19 02:26:50 INFO [org.springframework.data.repository.config.RepositoryConfigurationDelegate]: Bootstrapping Spring Data Redis repositories in DEFAULT mode.
2024-06-19 02:26:50 INFO [org.springframework.data.repository.config.RepositoryConfigurationDelegate]: Finished Spring Data repository scanning in 12 ms. Found 0 Redis repository interfaces.
2024-06-19 02:26:51 INFO [org.springframework.boot.web.embedded.tomcat.TomcatWebServer]: Tomcat initialized with port(s): 8898 (http)
2024-06-19 02:26:51 INFO [org.springframework.boot.web.servlet.context.ServletWebServerApplicationContext]: Root WebApplicationContext: initialization completed in 1500 ms
2024-06-19 02:26:52 INFO [org.springframework.boot.devtools.autoconfigure.OptionalLiveReloadServer]: LiveReload server is running on port 35729
2024-06-19 02:26:52 INFO [org.springframework.boot.web.embedded.tomcat.TomcatWebServer]: Tomcat started on port(s): 8898 (http) with context path ''
2024-06-19 02:26:52 INFO [com.example.yin.YinMusicApplication]: Started YinMusicApplication in 2.439 seconds (JVM running for 3.049)
2024-06-19 02:26:55 INFO [org.springframework.web.servlet.DispatcherServlet]: Initializing Servlet 'dispatcherServlet'
2024-06-19 02:26:55 INFO [org.springframework.web.servlet.DispatcherServlet]: Completed initialization in 1 ms
2024-06-19 02:26:55 INFO [com.zaxxer.hikari.HikariDataSource]: HikariPool-1 - Starting...
2024-06-19 02:26:55 INFO [com.zaxxer.hikari.HikariDataSource]: HikariPool-1 - Start completed.
2024-06-19 02:27:10 WARN [org.springframework.web.servlet.mvc.support.DefaultHandlerExceptionResolver]: Resolved [org.springframework.web.bind.MissingServletRequestParameterException: Required request parameter 'consumerId' for method parameter type Long is present but converted to null]
2024-06-19 02:28:24 WARN [org.springframework.web.servlet.mvc.support.DefaultHandlerExceptionResolver]: Resolved [org.springframework.web.bind.MissingServletRequestParameterException: Required request parameter 'consumerId' for method parameter type Long is present but converted to null]
2024-06-19 02:28:46 WARN [org.springframework.web.servlet.mvc.support.DefaultHandlerExceptionResolver]: Resolved [org.springframework.web.bind.MissingServletRequestParameterException: Required request parameter 'consumerId' for method parameter type Long is present but converted to null]
2024-06-19 02:29:23 WARN [org.springframework.web.servlet.mvc.support.DefaultHandlerExceptionResolver]: Resolved [org.springframework.web.bind.MissingServletRequestParameterException: Required request parameter 'consumerId' for method parameter type Long is present but converted to null]
2024-06-19 02:29:44 WARN [org.springframework.web.servlet.mvc.support.DefaultHandlerExceptionResolver]: Resolved [org.springframework.web.bind.MissingServletRequestParameterException: Required request parameter 'consumerId' for method parameter type Long is present but converted to null]
2024-06-19 02:30:11 WARN [org.springframework.web.servlet.mvc.support.DefaultHandlerExceptionResolver]: Resolved [org.springframework.web.bind.MissingServletRequestParameterException: Required request parameter 'consumerId' for method parameter type Long is present but converted to null]
2024-06-19 02:31:59 WARN [org.springframework.web.servlet.mvc.support.DefaultHandlerExceptionResolver]: Resolved [org.springframework.web.bind.MissingServletRequestParameterException: Required request parameter 'consumerId' for method parameter type Long is present but converted to null]
2024-06-19 02:32:06 WARN [org.springframework.web.servlet.mvc.support.DefaultHandlerExceptionResolver]: Resolved [org.springframework.web.bind.MissingServletRequestParameterException: Required request parameter 'consumerId' for method parameter type Long is present but converted to null]
2024-06-19 04:00:08 INFO [com.zaxxer.hikari.HikariDataSource]: HikariPool-1 - Shutdown initiated...
2024-06-19 04:00:08 INFO [com.zaxxer.hikari.HikariDataSource]: HikariPool-1 - Shutdown completed.
2024-06-19 08:10:48 INFO [com.example.yin.YinMusicApplication]: Starting YinMusicApplication using Java 17.0.1 on Annhe with PID 16436 (E:\SoftwareTask\music\music-website-master\music-server\target\classes started by HP in E:\SoftwareTask\music\music-website-master\music-server)
2024-06-19 08:10:48 INFO [com.example.yin.YinMusicApplication]: The following profiles are active: dev
2024-06-19 08:10:48 INFO [org.springframework.boot.devtools.env.DevToolsPropertyDefaultsPostProcessor]: Devtools property defaults active! Set 'spring.devtools.add-properties' to 'false' to disable
2024-06-19 08:10:48 INFO [org.springframework.boot.devtools.env.DevToolsPropertyDefaultsPostProcessor]: For additional web related logging consider setting the 'logging.level.web' property to 'DEBUG'
2024-06-19 08:10:49 INFO [org.springframework.data.repository.config.RepositoryConfigurationDelegate]: Multiple Spring Data modules found, entering strict repository configuration mode!
2024-06-19 08:10:49 INFO [org.springframework.data.repository.config.RepositoryConfigurationDelegate]: Bootstrapping Spring Data Redis repositories in DEFAULT mode.
2024-06-19 08:10:49 INFO [org.springframework.data.repository.config.RepositoryConfigurationDelegate]: Finished Spring Data repository scanning in 25 ms. Found 0 Redis repository interfaces.
2024-06-19 08:10:51 INFO [org.springframework.boot.web.embedded.tomcat.TomcatWebServer]: Tomcat initialized with port(s): 8898 (http)
2024-06-19 08:10:52 INFO [org.springframework.boot.web.servlet.context.ServletWebServerApplicationContext]: Root WebApplicationContext: initialization completed in 3306 ms
2024-06-19 08:10:53 INFO [org.springframework.boot.devtools.autoconfigure.OptionalLiveReloadServer]: LiveReload server is running on port 35729
2024-06-19 08:10:53 INFO [org.springframework.boot.web.embedded.tomcat.TomcatWebServer]: Tomcat started on port(s): 8898 (http) with context path ''
2024-06-19 08:10:53 INFO [com.example.yin.YinMusicApplication]: Started YinMusicApplication in 5.431 seconds (JVM running for 6.799)
2024-06-19 08:32:26 INFO [org.springframework.web.servlet.DispatcherServlet]: Initializing Servlet 'dispatcherServlet'
2024-06-19 08:32:26 INFO [org.springframework.web.servlet.DispatcherServlet]: Completed initialization in 1 ms
2024-06-19 08:32:27 INFO [com.zaxxer.hikari.HikariDataSource]: HikariPool-1 - Starting...
2024-06-19 08:32:27 INFO [com.zaxxer.hikari.HikariDataSource]: HikariPool-1 - Start completed.
2024-06-19 08:32:41 WARN [org.springframework.web.servlet.mvc.support.DefaultHandlerExceptionResolver]: Resolved [org.springframework.web.bind.MissingServletRequestParameterException: Required request parameter 'consumerId' for method parameter type Long is present but converted to null]
2024-06-19 09:38:24 INFO [com.zaxxer.hikari.HikariDataSource]: HikariPool-1 - Shutdown initiated...
2024-06-19 09:38:24 INFO [com.zaxxer.hikari.HikariDataSource]: HikariPool-1 - Shutdown completed.
2024-06-19 09:43:05 INFO [com.example.yin.YinMusicApplication]: Starting YinMusicApplication using Java 17.0.1 on Annhe with PID 19528 (E:\SoftwareTask\music\music-website-master\music-server\target\classes started by HP in E:\SoftwareTask\music\music-website-master\music-server)
2024-06-19 09:43:05 INFO [com.example.yin.YinMusicApplication]: The following profiles are active: dev
2024-06-19 09:43:05 INFO [org.springframework.boot.devtools.env.DevToolsPropertyDefaultsPostProcessor]: Devtools property defaults active! Set 'spring.devtools.add-properties' to 'false' to disable
2024-06-19 09:43:05 INFO [org.springframework.boot.devtools.env.DevToolsPropertyDefaultsPostProcessor]: For additional web related logging consider setting the 'logging.level.web' property to 'DEBUG'
2024-06-19 09:43:06 INFO [org.springframework.data.repository.config.RepositoryConfigurationDelegate]: Multiple Spring Data modules found, entering strict repository configuration mode!
2024-06-19 09:43:06 INFO [org.springframework.data.repository.config.RepositoryConfigurationDelegate]: Bootstrapping Spring Data Redis repositories in DEFAULT mode.
2024-06-19 09:43:06 INFO [org.springframework.data.repository.config.RepositoryConfigurationDelegate]: Finished Spring Data repository scanning in 22 ms. Found 0 Redis repository interfaces.
2024-06-19 09:43:07 INFO [org.springframework.boot.web.embedded.tomcat.TomcatWebServer]: Tomcat initialized with port(s): 8898 (http)
2024-06-19 09:43:08 INFO [org.springframework.boot.web.servlet.context.ServletWebServerApplicationContext]: Root WebApplicationContext: initialization completed in 2873 ms
2024-06-19 09:43:09 INFO [org.springframework.boot.devtools.autoconfigure.OptionalLiveReloadServer]: LiveReload server is running on port 35729
2024-06-19 09:43:09 INFO [org.springframework.boot.web.embedded.tomcat.TomcatWebServer]: Tomcat started on port(s): 8898 (http) with context path ''
2024-06-19 09:43:09 INFO [com.example.yin.YinMusicApplication]: Started YinMusicApplication in 4.82 seconds (JVM running for 6.045)
2024-06-19 09:43:13 INFO [org.springframework.web.servlet.DispatcherServlet]: Initializing Servlet 'dispatcherServlet'
2024-06-19 09:43:13 INFO [org.springframework.web.servlet.DispatcherServlet]: Completed initialization in 2 ms
2024-06-19 09:43:13 INFO [com.zaxxer.hikari.HikariDataSource]: HikariPool-1 - Starting...
2024-06-19 09:43:13 INFO [com.zaxxer.hikari.HikariDataSource]: HikariPool-1 - Start completed.
2024-06-19 14:02:00 WARN [com.zaxxer.hikari.pool.HikariPool]: HikariPool-1 - Thread starvation or clock leap detected (housekeeper delta=2h31m14s612ms998µs600ns).
2024-06-19 14:25:21 INFO [com.example.yin.YinMusicApplication]: Starting YinMusicApplication using Java 17.0.1 on Annhe with PID 16844 (E:\SoftwareTask\music\music-website-master\music-server\target\classes started by HP in E:\SoftwareTask\music\music-website-master\music-server)
2024-06-19 14:25:21 INFO [com.example.yin.YinMusicApplication]: The following profiles are active: dev
2024-06-19 14:25:21 INFO [org.springframework.boot.devtools.env.DevToolsPropertyDefaultsPostProcessor]: Devtools property defaults active! Set 'spring.devtools.add-properties' to 'false' to disable
2024-06-19 14:25:21 INFO [org.springframework.boot.devtools.env.DevToolsPropertyDefaultsPostProcessor]: For additional web related logging consider setting the 'logging.level.web' property to 'DEBUG'
2024-06-19 14:25:22 INFO [org.springframework.data.repository.config.RepositoryConfigurationDelegate]: Multiple Spring Data modules found, entering strict repository configuration mode!
2024-06-19 14:25:23 INFO [org.springframework.data.repository.config.RepositoryConfigurationDelegate]: Bootstrapping Spring Data Redis repositories in DEFAULT mode.
2024-06-19 14:25:23 INFO [org.springframework.data.repository.config.RepositoryConfigurationDelegate]: Finished Spring Data repository scanning in 37 ms. Found 0 Redis repository interfaces.
2024-06-19 14:25:26 INFO [org.springframework.boot.web.embedded.tomcat.TomcatWebServer]: Tomcat initialized with port(s): 8898 (http)
2024-06-19 14:25:26 INFO [org.springframework.boot.web.servlet.context.ServletWebServerApplicationContext]: Root WebApplicationContext: initialization completed in 5197 ms
2024-06-19 14:25:29 INFO [org.springframework.boot.devtools.autoconfigure.OptionalLiveReloadServer]: LiveReload server is running on port 35729
2024-06-19 14:25:29 INFO [org.springframework.boot.web.embedded.tomcat.TomcatWebServer]: Tomcat started on port(s): 8898 (http) with context path ''
2024-06-19 14:25:29 INFO [com.example.yin.YinMusicApplication]: Started YinMusicApplication in 8.926 seconds (JVM running for 10.553)
