2024-06-27 14:22:10 INFO [com.example.yin.YinMusicApplication]: Starting YinMusicApplication using Java 17.0.1 on Annhe with PID 4972 (E:\SoftwareTask\music\music-website-master\music-server\target\classes started by HP in E:\SoftwareTask\music\music-website-master\music-server)
2024-06-27 14:22:10 INFO [com.example.yin.YinMusicApplication]: The following profiles are active: dev
2024-06-27 14:22:10 INFO [org.springframework.boot.devtools.env.DevToolsPropertyDefaultsPostProcessor]: Devtools property defaults active! Set 'spring.devtools.add-properties' to 'false' to disable
2024-06-27 14:22:10 INFO [org.springframework.boot.devtools.env.DevToolsPropertyDefaultsPostProcessor]: For additional web related logging consider setting the 'logging.level.web' property to 'DEBUG'
2024-06-27 14:22:12 INFO [org.springframework.data.repository.config.RepositoryConfigurationDelegate]: Multiple Spring Data modules found, entering strict repository configuration mode!
2024-06-27 14:22:12 INFO [org.springframework.data.repository.config.RepositoryConfigurationDelegate]: Bootstrapping Spring Data Redis repositories in DEFAULT mode.
2024-06-27 14:22:12 INFO [org.springframework.data.repository.config.RepositoryConfigurationDelegate]: Finished Spring Data repository scanning in 42 ms. Found 0 Redis repository interfaces.
2024-06-27 14:22:15 INFO [org.springframework.boot.web.embedded.tomcat.TomcatWebServer]: Tomcat initialized with port(s): 8898 (http)
2024-06-27 14:22:16 INFO [org.springframework.boot.web.servlet.context.ServletWebServerApplicationContext]: Root WebApplicationContext: initialization completed in 5283 ms
2024-06-27 14:22:18 INFO [org.springframework.boot.devtools.autoconfigure.OptionalLiveReloadServer]: LiveReload server is running on port 35729
2024-06-27 14:22:18 INFO [org.springframework.boot.web.embedded.tomcat.TomcatWebServer]: Tomcat started on port(s): 8898 (http) with context path ''
2024-06-27 14:22:19 INFO [com.example.yin.YinMusicApplication]: Started YinMusicApplication in 8.738 seconds (JVM running for 10.098)
2024-06-27 14:25:47 INFO [org.springframework.web.servlet.DispatcherServlet]: Initializing Servlet 'dispatcherServlet'
2024-06-27 14:25:47 INFO [org.springframework.web.servlet.DispatcherServlet]: Completed initialization in 0 ms
2024-06-27 14:25:47 INFO [com.zaxxer.hikari.HikariDataSource]: HikariPool-1 - Starting...
2024-06-27 14:25:47 INFO [com.zaxxer.hikari.HikariDataSource]: HikariPool-1 - Start completed.
2024-06-27 16:28:32 INFO [com.example.yin.YinMusicApplication]: Starting YinMusicApplication using Java 17.0.1 on Annhe with PID 18324 (E:\SoftwareTask\music\music-website-master\music-server\target\classes started by HP in E:\SoftwareTask\music\music-website-master\music-server)
2024-06-27 16:28:32 INFO [com.example.yin.YinMusicApplication]: The following profiles are active: dev
2024-06-27 16:28:32 INFO [org.springframework.boot.devtools.env.DevToolsPropertyDefaultsPostProcessor]: Devtools property defaults active! Set 'spring.devtools.add-properties' to 'false' to disable
2024-06-27 16:28:32 INFO [org.springframework.boot.devtools.env.DevToolsPropertyDefaultsPostProcessor]: For additional web related logging consider setting the 'logging.level.web' property to 'DEBUG'
2024-06-27 16:28:33 INFO [org.springframework.data.repository.config.RepositoryConfigurationDelegate]: Multiple Spring Data modules found, entering strict repository configuration mode!
2024-06-27 16:28:33 INFO [org.springframework.data.repository.config.RepositoryConfigurationDelegate]: Bootstrapping Spring Data Redis repositories in DEFAULT mode.
2024-06-27 16:28:33 INFO [org.springframework.data.repository.config.RepositoryConfigurationDelegate]: Finished Spring Data repository scanning in 14 ms. Found 0 Redis repository interfaces.
2024-06-27 16:28:34 INFO [org.springframework.boot.web.embedded.tomcat.TomcatWebServer]: Tomcat initialized with port(s): 8898 (http)
2024-06-27 16:28:34 INFO [org.springframework.boot.web.servlet.context.ServletWebServerApplicationContext]: Root WebApplicationContext: initialization completed in 1838 ms
2024-06-27 16:28:35 INFO [org.springframework.boot.devtools.autoconfigure.OptionalLiveReloadServer]: LiveReload server is running on port 35729
2024-06-27 16:28:35 INFO [org.springframework.boot.web.embedded.tomcat.TomcatWebServer]: Tomcat started on port(s): 8898 (http) with context path ''
2024-06-27 16:28:35 INFO [com.example.yin.YinMusicApplication]: Started YinMusicApplication in 3.02 seconds (JVM running for 3.907)
2024-06-27 16:47:54 INFO [org.springframework.web.servlet.DispatcherServlet]: Initializing Servlet 'dispatcherServlet'
2024-06-27 16:47:54 INFO [org.springframework.web.servlet.DispatcherServlet]: Completed initialization in 1 ms
2024-06-27 16:47:55 INFO [com.zaxxer.hikari.HikariDataSource]: HikariPool-1 - Starting...
2024-06-27 16:47:55 INFO [com.zaxxer.hikari.HikariDataSource]: HikariPool-1 - Start completed.
2024-06-27 17:29:54 INFO [com.zaxxer.hikari.HikariDataSource]: HikariPool-1 - Shutdown initiated...
2024-06-27 17:29:54 INFO [com.zaxxer.hikari.HikariDataSource]: HikariPool-1 - Shutdown completed.
