2025-03-17 19:57:57 INFO [com.example.yin.YinMusicApplication]: Starting YinMusicApplication using Java 17.0.12 on DESKTOP-19IC08T with PID 21832 (G:\SoftwareTask\music\music-website-master\music-server\target\classes started by hp in G:\SoftwareTask\music\music-website-master\music-server)
2025-03-17 19:57:57 INFO [com.example.yin.YinMusicApplication]: The following 1 profile is active: "dev"
2025-03-17 19:57:57 INFO [org.springframework.boot.devtools.env.DevToolsPropertyDefaultsPostProcessor]: Devtools property defaults active! Set 'spring.devtools.add-properties' to 'false' to disable
2025-03-17 19:57:57 INFO [org.springframework.boot.devtools.env.DevToolsPropertyDefaultsPostProcessor]: For additional web related logging consider setting the 'logging.level.web' property to 'DEBUG'
2025-03-17 19:58:02 INFO [org.springframework.data.repository.config.RepositoryConfigurationDelegate]: Multiple Spring Data modules found, entering strict repository configuration mode
2025-03-17 19:58:02 INFO [org.springframework.data.repository.config.RepositoryConfigurationDelegate]: Bootstrapping Spring Data Redis repositories in DEFAULT mode.
2025-03-17 19:58:02 INFO [org.springframework.data.repository.config.RepositoryConfigurationDelegate]: Finished Spring Data repository scanning in 68 ms. Found 0 Redis repository interfaces.
2025-03-17 19:58:07 INFO [org.springframework.boot.web.embedded.tomcat.TomcatWebServer]: Tomcat initialized with port(s): 8888 (http)
2025-03-17 19:58:07 INFO [org.springframework.boot.web.servlet.context.ServletWebServerApplicationContext]: Root WebApplicationContext: initialization completed in 10432 ms
2025-03-17 19:58:10 INFO [org.springframework.boot.devtools.autoconfigure.OptionalLiveReloadServer]: LiveReload server is running on port 35729
2025-03-17 19:58:10 INFO [org.springframework.boot.web.embedded.tomcat.TomcatWebServer]: Tomcat started on port(s): 8888 (http) with context path ''
2025-03-17 19:58:10 INFO [com.example.yin.YinMusicApplication]: Started YinMusicApplication in 15.429 seconds (JVM running for 24.47)
2025-03-17 20:04:35 INFO [org.springframework.web.servlet.DispatcherServlet]: Initializing Servlet 'dispatcherServlet'
2025-03-17 20:04:35 INFO [org.springframework.web.servlet.DispatcherServlet]: Completed initialization in 2 ms
2025-03-17 20:04:35 INFO [com.zaxxer.hikari.HikariDataSource]: HikariPool-1 - Starting...
2025-03-17 20:04:35 INFO [com.zaxxer.hikari.HikariDataSource]: HikariPool-1 - Start completed.
2025-03-17 20:22:01 WARN [org.springframework.web.servlet.mvc.support.DefaultHandlerExceptionResolver]: Resolved [org.springframework.web.bind.MissingServletRequestParameterException: Required request parameter 'consumerId' for method parameter type Long is present but converted to null]
2025-03-17 20:22:31 INFO [com.example.yin.controller.ConsumerController]: 用户正在登录
2025-03-17 20:50:37 INFO [com.zaxxer.hikari.HikariDataSource]: HikariPool-1 - Shutdown initiated...
2025-03-17 20:50:37 INFO [com.zaxxer.hikari.HikariDataSource]: HikariPool-1 - Shutdown completed.
