2025-03-13 22:52:05 INFO [com.example.yin.YinMusicApplication]: Starting YinMusicApplication using Java 17.0.12 on DESKTOP-19IC08T with PID 18636 (G:\SoftwareTask\music\music-website-master\music-server\target\classes started by hp in G:\SoftwareTask\music\music-website-master\music-server)
2025-03-13 22:52:05 INFO [com.example.yin.YinMusicApplication]: The following 1 profile is active: "dev"
2025-03-13 22:52:06 INFO [org.springframework.boot.devtools.env.DevToolsPropertyDefaultsPostProcessor]: Devtools property defaults active! Set 'spring.devtools.add-properties' to 'false' to disable
2025-03-13 22:52:06 INFO [org.springframework.boot.devtools.env.DevToolsPropertyDefaultsPostProcessor]: For additional web related logging consider setting the 'logging.level.web' property to 'DEBUG'
2025-03-13 22:52:07 INFO [org.springframework.data.repository.config.RepositoryConfigurationDelegate]: Multiple Spring Data modules found, entering strict repository configuration mode
2025-03-13 22:52:07 INFO [org.springframework.data.repository.config.RepositoryConfigurationDelegate]: Bootstrapping Spring Data Redis repositories in DEFAULT mode.
2025-03-13 22:52:07 INFO [org.springframework.data.repository.config.RepositoryConfigurationDelegate]: Finished Spring Data repository scanning in 21 ms. Found 0 Redis repository interfaces.
2025-03-13 22:52:09 INFO [org.springframework.boot.web.embedded.tomcat.TomcatWebServer]: Tomcat initialized with port(s): 8888 (http)
2025-03-13 22:52:09 INFO [org.springframework.boot.web.servlet.context.ServletWebServerApplicationContext]: Root WebApplicationContext: initialization completed in 3491 ms
2025-03-13 22:52:10 INFO [org.springframework.boot.devtools.autoconfigure.OptionalLiveReloadServer]: LiveReload server is running on port 35729
2025-03-13 22:52:10 INFO [org.springframework.boot.web.embedded.tomcat.TomcatWebServer]: Tomcat started on port(s): 8888 (http) with context path ''
2025-03-13 22:52:10 INFO [com.example.yin.YinMusicApplication]: Started YinMusicApplication in 5.383 seconds (JVM running for 10.365)
2025-03-13 22:53:38 INFO [org.springframework.web.servlet.DispatcherServlet]: Initializing Servlet 'dispatcherServlet'
2025-03-13 22:53:38 INFO [org.springframework.web.servlet.DispatcherServlet]: Completed initialization in 2 ms
2025-03-13 22:53:38 INFO [com.zaxxer.hikari.HikariDataSource]: HikariPool-1 - Starting...
2025-03-13 22:53:38 INFO [com.zaxxer.hikari.HikariDataSource]: HikariPool-1 - Start completed.
2025-03-13 22:56:29 INFO [com.example.yin.controller.ConsumerController]: 用户正在登录
2025-03-13 23:16:07 INFO [com.example.yin.service.impl.ConsumerServiceImpl]: 正在注册
2025-03-13 23:23:52 INFO [com.zaxxer.hikari.HikariDataSource]: HikariPool-1 - Shutdown initiated...
2025-03-13 23:23:52 INFO [com.zaxxer.hikari.HikariDataSource]: HikariPool-1 - Shutdown completed.
