2024-06-29 14:22:18 INFO [com.example.yin.YinMusicApplication]: Starting YinMusicApplication using Java 17.0.1 on Annhe with PID 22436 (E:\SoftwareTask\music\music-website-master\music-server\target\classes started by HP in E:\SoftwareTask\music\music-website-master\music-server)
2024-06-29 14:22:18 INFO [com.example.yin.YinMusicApplication]: The following profiles are active: dev
2024-06-29 14:22:18 INFO [org.springframework.boot.devtools.env.DevToolsPropertyDefaultsPostProcessor]: Devtools property defaults active! Set 'spring.devtools.add-properties' to 'false' to disable
2024-06-29 14:22:18 INFO [org.springframework.boot.devtools.env.DevToolsPropertyDefaultsPostProcessor]: For additional web related logging consider setting the 'logging.level.web' property to 'DEBUG'
2024-06-29 14:22:19 INFO [org.springframework.data.repository.config.RepositoryConfigurationDelegate]: Multiple Spring Data modules found, entering strict repository configuration mode!
2024-06-29 14:22:19 INFO [org.springframework.data.repository.config.RepositoryConfigurationDelegate]: Bootstrapping Spring Data Redis repositories in DEFAULT mode.
2024-06-29 14:22:19 INFO [org.springframework.data.repository.config.RepositoryConfigurationDelegate]: Finished Spring Data repository scanning in 18 ms. Found 0 Redis repository interfaces.
2024-06-29 14:22:20 INFO [org.springframework.boot.web.embedded.tomcat.TomcatWebServer]: Tomcat initialized with port(s): 8898 (http)
2024-06-29 14:22:20 INFO [org.springframework.boot.web.servlet.context.ServletWebServerApplicationContext]: Root WebApplicationContext: initialization completed in 2535 ms
2024-06-29 14:22:21 INFO [org.springframework.boot.devtools.autoconfigure.OptionalLiveReloadServer]: LiveReload server is running on port 35729
2024-06-29 14:22:21 INFO [org.springframework.boot.web.embedded.tomcat.TomcatWebServer]: Tomcat started on port(s): 8898 (http) with context path ''
2024-06-29 14:22:21 INFO [com.example.yin.YinMusicApplication]: Started YinMusicApplication in 4.029 seconds (JVM running for 4.893)
2024-06-29 14:32:55 INFO [org.springframework.web.servlet.DispatcherServlet]: Initializing Servlet 'dispatcherServlet'
2024-06-29 14:32:55 INFO [org.springframework.web.servlet.DispatcherServlet]: Completed initialization in 1 ms
2024-06-29 14:32:55 INFO [com.zaxxer.hikari.HikariDataSource]: HikariPool-1 - Starting...
2024-06-29 14:32:56 INFO [com.zaxxer.hikari.HikariDataSource]: HikariPool-1 - Start completed.
2024-06-29 17:27:08 INFO [com.zaxxer.hikari.HikariDataSource]: HikariPool-1 - Shutdown initiated...
2024-06-29 17:27:08 INFO [com.zaxxer.hikari.HikariDataSource]: HikariPool-1 - Shutdown completed.
2024-06-29 19:41:35 INFO [com.example.yin.YinMusicApplication]: Starting YinMusicApplication using Java 17.0.1 on Annhe with PID 2124 (E:\SoftwareTask\music\music-website-master\music-server\target\classes started by HP in E:\SoftwareTask\music\music-website-master\music-server)
2024-06-29 19:41:35 INFO [com.example.yin.YinMusicApplication]: The following profiles are active: dev
2024-06-29 19:41:35 INFO [org.springframework.boot.devtools.env.DevToolsPropertyDefaultsPostProcessor]: Devtools property defaults active! Set 'spring.devtools.add-properties' to 'false' to disable
2024-06-29 19:41:35 INFO [org.springframework.boot.devtools.env.DevToolsPropertyDefaultsPostProcessor]: For additional web related logging consider setting the 'logging.level.web' property to 'DEBUG'
2024-06-29 19:41:36 INFO [org.springframework.data.repository.config.RepositoryConfigurationDelegate]: Multiple Spring Data modules found, entering strict repository configuration mode!
2024-06-29 19:41:36 INFO [org.springframework.data.repository.config.RepositoryConfigurationDelegate]: Bootstrapping Spring Data Redis repositories in DEFAULT mode.
2024-06-29 19:41:36 INFO [org.springframework.data.repository.config.RepositoryConfigurationDelegate]: Finished Spring Data repository scanning in 34 ms. Found 0 Redis repository interfaces.
2024-06-29 19:41:39 INFO [org.springframework.boot.web.embedded.tomcat.TomcatWebServer]: Tomcat initialized with port(s): 8898 (http)
2024-06-29 19:41:40 INFO [org.springframework.boot.web.servlet.context.ServletWebServerApplicationContext]: Root WebApplicationContext: initialization completed in 4735 ms
2024-06-29 19:41:42 INFO [org.springframework.boot.devtools.autoconfigure.OptionalLiveReloadServer]: LiveReload server is running on port 35729
2024-06-29 19:41:42 INFO [org.springframework.boot.web.embedded.tomcat.TomcatWebServer]: Tomcat started on port(s): 8898 (http) with context path ''
2024-06-29 19:41:42 INFO [com.example.yin.YinMusicApplication]: Started YinMusicApplication in 7.546 seconds (JVM running for 8.999)
2024-06-29 19:43:25 INFO [org.springframework.web.servlet.DispatcherServlet]: Initializing Servlet 'dispatcherServlet'
2024-06-29 19:43:25 INFO [org.springframework.web.servlet.DispatcherServlet]: Completed initialization in 1 ms
2024-06-29 19:43:25 INFO [com.zaxxer.hikari.HikariDataSource]: HikariPool-1 - Starting...
2024-06-29 19:43:25 INFO [com.zaxxer.hikari.HikariDataSource]: HikariPool-1 - Start completed.
2024-06-29 19:43:33 WARN [org.springframework.web.servlet.mvc.support.DefaultHandlerExceptionResolver]: Resolved [org.springframework.web.bind.MissingServletRequestParameterException: Required request parameter 'consumerId' for method parameter type Long is present but converted to null]
2024-06-29 19:43:56 WARN [org.springframework.web.servlet.mvc.support.DefaultHandlerExceptionResolver]: Resolved [org.springframework.web.bind.MissingServletRequestParameterException: Required request parameter 'consumerId' for method parameter type Long is present but converted to null]
2024-06-29 19:45:51 INFO [com.zaxxer.hikari.HikariDataSource]: HikariPool-1 - Shutdown initiated...
2024-06-29 19:45:51 INFO [com.zaxxer.hikari.HikariDataSource]: HikariPool-1 - Shutdown completed.
