2025-03-12 15:19:22 INFO [com.example.yin.YinMusicApplication]: Starting YinMusicApplication using Java 17.0.12 on DESKTOP-19IC08T with PID 20332 (G:\SoftwareTask\music\music-website-master\music-server\target\classes started by hp in G:\SoftwareTask\music\music-website-master\music-server)
2025-03-12 15:19:22 INFO [com.example.yin.YinMusicApplication]: The following 1 profile is active: "dev"
2025-03-12 15:19:22 INFO [org.springframework.boot.devtools.env.DevToolsPropertyDefaultsPostProcessor]: Devtools property defaults active! Set 'spring.devtools.add-properties' to 'false' to disable
2025-03-12 15:19:22 INFO [org.springframework.boot.devtools.env.DevToolsPropertyDefaultsPostProcessor]: For additional web related logging consider setting the 'logging.level.web' property to 'DEBUG'
2025-03-12 15:19:25 INFO [org.springframework.data.repository.config.RepositoryConfigurationDelegate]: Multiple Spring Data modules found, entering strict repository configuration mode
2025-03-12 15:19:25 INFO [org.springframework.data.repository.config.RepositoryConfigurationDelegate]: Bootstrapping Spring Data Redis repositories in DEFAULT mode.
2025-03-12 15:19:25 INFO [org.springframework.data.repository.config.RepositoryConfigurationDelegate]: Finished Spring Data repository scanning in 28 ms. Found 0 Redis repository interfaces.
2025-03-12 15:19:30 INFO [org.springframework.boot.web.embedded.tomcat.TomcatWebServer]: Tomcat initialized with port(s): 8888 (http)
2025-03-12 15:19:30 INFO [org.springframework.boot.web.servlet.context.ServletWebServerApplicationContext]: Root WebApplicationContext: initialization completed in 7828 ms
2025-03-12 15:19:33 INFO [org.springframework.boot.devtools.autoconfigure.OptionalLiveReloadServer]: LiveReload server is running on port 35729
2025-03-12 15:19:34 INFO [org.springframework.boot.web.embedded.tomcat.TomcatWebServer]: Tomcat started on port(s): 8888 (http) with context path ''
2025-03-12 15:19:34 INFO [com.example.yin.YinMusicApplication]: Started YinMusicApplication in 13.146 seconds (JVM running for 21.433)
2025-03-12 15:23:27 INFO [org.springframework.web.servlet.DispatcherServlet]: Initializing Servlet 'dispatcherServlet'
2025-03-12 15:23:27 INFO [org.springframework.web.servlet.DispatcherServlet]: Completed initialization in 2 ms
2025-03-12 15:23:27 INFO [com.zaxxer.hikari.HikariDataSource]: HikariPool-1 - Starting...
2025-03-12 15:23:27 INFO [com.zaxxer.hikari.HikariDataSource]: HikariPool-1 - Start completed.
2025-03-12 15:26:16 INFO [com.example.yin.controller.ConsumerController]: 用户正在登录
2025-03-12 15:26:22 INFO [com.example.yin.controller.ConsumerController]: 用户正在登录
2025-03-12 17:24:04 INFO [com.zaxxer.hikari.HikariDataSource]: HikariPool-1 - Shutdown initiated...
2025-03-12 17:24:04 INFO [com.zaxxer.hikari.HikariDataSource]: HikariPool-1 - Shutdown completed.
