2024-07-08 08:40:44 INFO [com.example.yin.YinMusicApplication]: Starting YinMusicApplication using Java 17.0.1 on Annhe with PID 17748 (E:\SoftwareTask\music\music-website-master\music-server\target\classes started by HP in E:\SoftwareTask\music\music-website-master\music-server)
2024-07-08 08:40:44 INFO [com.example.yin.YinMusicApplication]: The following profiles are active: dev
2024-07-08 08:40:44 INFO [org.springframework.boot.devtools.env.DevToolsPropertyDefaultsPostProcessor]: Devtools property defaults active! Set 'spring.devtools.add-properties' to 'false' to disable
2024-07-08 08:40:44 INFO [org.springframework.boot.devtools.env.DevToolsPropertyDefaultsPostProcessor]: For additional web related logging consider setting the 'logging.level.web' property to 'DEBUG'
2024-07-08 08:40:45 INFO [org.springframework.data.repository.config.RepositoryConfigurationDelegate]: Multiple Spring Data modules found, entering strict repository configuration mode!
2024-07-08 08:40:45 INFO [org.springframework.data.repository.config.RepositoryConfigurationDelegate]: Bootstrapping Spring Data Redis repositories in DEFAULT mode.
2024-07-08 08:40:45 INFO [org.springframework.data.repository.config.RepositoryConfigurationDelegate]: Finished Spring Data repository scanning in 36 ms. Found 0 Redis repository interfaces.
2024-07-08 08:40:48 INFO [org.springframework.boot.web.embedded.tomcat.TomcatWebServer]: Tomcat initialized with port(s): 8898 (http)
2024-07-08 08:40:48 INFO [org.springframework.boot.web.servlet.context.ServletWebServerApplicationContext]: Root WebApplicationContext: initialization completed in 4294 ms
2024-07-08 08:40:50 INFO [org.springframework.boot.devtools.autoconfigure.OptionalLiveReloadServer]: LiveReload server is running on port 35729
2024-07-08 08:40:50 INFO [org.springframework.boot.web.embedded.tomcat.TomcatWebServer]: Tomcat started on port(s): 8898 (http) with context path ''
2024-07-08 08:40:50 INFO [com.example.yin.YinMusicApplication]: Started YinMusicApplication in 6.925 seconds (JVM running for 8.344)
2024-07-08 08:40:56 INFO [org.springframework.web.servlet.DispatcherServlet]: Initializing Servlet 'dispatcherServlet'
2024-07-08 08:40:56 INFO [org.springframework.web.servlet.DispatcherServlet]: Completed initialization in 1 ms
2024-07-08 08:40:56 INFO [com.zaxxer.hikari.HikariDataSource]: HikariPool-1 - Starting...
2024-07-08 08:40:56 INFO [com.zaxxer.hikari.HikariDataSource]: HikariPool-1 - Start completed.
2024-07-08 08:41:03 WARN [org.springframework.web.servlet.mvc.support.DefaultHandlerExceptionResolver]: Resolved [org.springframework.web.bind.MissingServletRequestParameterException: Required request parameter 'consumerId' for method parameter type Long is present but converted to null]
2024-07-08 11:10:09 INFO [com.zaxxer.hikari.HikariDataSource]: HikariPool-1 - Shutdown initiated...
2024-07-08 11:10:09 INFO [com.zaxxer.hikari.HikariDataSource]: HikariPool-1 - Shutdown completed.
2024-07-08 14:36:14 INFO [com.example.yin.YinMusicApplication]: Starting YinMusicApplication using Java 17.0.1 on Annhe with PID 15984 (E:\SoftwareTask\music\music-website-master\music-server\target\classes started by HP in E:\SoftwareTask\music\music-website-master\music-server)
2024-07-08 14:36:14 INFO [com.example.yin.YinMusicApplication]: The following profiles are active: dev
2024-07-08 14:36:14 INFO [org.springframework.boot.devtools.env.DevToolsPropertyDefaultsPostProcessor]: Devtools property defaults active! Set 'spring.devtools.add-properties' to 'false' to disable
2024-07-08 14:36:14 INFO [org.springframework.boot.devtools.env.DevToolsPropertyDefaultsPostProcessor]: For additional web related logging consider setting the 'logging.level.web' property to 'DEBUG'
2024-07-08 14:36:15 INFO [org.springframework.data.repository.config.RepositoryConfigurationDelegate]: Multiple Spring Data modules found, entering strict repository configuration mode!
2024-07-08 14:36:15 INFO [org.springframework.data.repository.config.RepositoryConfigurationDelegate]: Bootstrapping Spring Data Redis repositories in DEFAULT mode.
2024-07-08 14:36:15 INFO [org.springframework.data.repository.config.RepositoryConfigurationDelegate]: Finished Spring Data repository scanning in 17 ms. Found 0 Redis repository interfaces.
2024-07-08 14:36:16 INFO [org.springframework.boot.web.embedded.tomcat.TomcatWebServer]: Tomcat initialized with port(s): 8898 (http)
2024-07-08 14:36:16 INFO [org.springframework.boot.web.servlet.context.ServletWebServerApplicationContext]: Root WebApplicationContext: initialization completed in 2028 ms
2024-07-08 14:36:17 INFO [org.springframework.boot.devtools.autoconfigure.OptionalLiveReloadServer]: LiveReload server is running on port 35729
2024-07-08 14:36:17 INFO [org.springframework.boot.web.embedded.tomcat.TomcatWebServer]: Tomcat started on port(s): 8898 (http) with context path ''
2024-07-08 14:36:17 INFO [com.example.yin.YinMusicApplication]: Started YinMusicApplication in 3.183 seconds (JVM running for 3.933)
2024-07-08 14:36:17 INFO [org.springframework.web.servlet.DispatcherServlet]: Initializing Servlet 'dispatcherServlet'
2024-07-08 14:36:17 INFO [org.springframework.web.servlet.DispatcherServlet]: Completed initialization in 1 ms
2024-07-08 14:36:17 INFO [com.zaxxer.hikari.HikariDataSource]: HikariPool-1 - Starting...
2024-07-08 14:36:17 INFO [com.zaxxer.hikari.HikariDataSource]: HikariPool-1 - Start completed.
