2024-06-25 08:20:21 INFO [com.example.yin.YinMusicApplication]: Starting YinMusicApplication using Java 17.0.1 on Annhe with PID 7344 (E:\SoftwareTask\music\music-website-master\music-server\target\classes started by HP in E:\SoftwareTask\music\music-website-master\music-server)
2024-06-25 08:20:21 INFO [com.example.yin.YinMusicApplication]: The following profiles are active: dev
2024-06-25 08:20:21 INFO [org.springframework.boot.devtools.env.DevToolsPropertyDefaultsPostProcessor]: Devtools property defaults active! Set 'spring.devtools.add-properties' to 'false' to disable
2024-06-25 08:20:21 INFO [org.springframework.boot.devtools.env.DevToolsPropertyDefaultsPostProcessor]: For additional web related logging consider setting the 'logging.level.web' property to 'DEBUG'
2024-06-25 08:20:23 INFO [org.springframework.data.repository.config.RepositoryConfigurationDelegate]: Multiple Spring Data modules found, entering strict repository configuration mode!
2024-06-25 08:20:23 INFO [org.springframework.data.repository.config.RepositoryConfigurationDelegate]: Bootstrapping Spring Data Redis repositories in DEFAULT mode.
2024-06-25 08:20:23 INFO [org.springframework.data.repository.config.RepositoryConfigurationDelegate]: Finished Spring Data repository scanning in 28 ms. Found 0 Redis repository interfaces.
2024-06-25 08:20:25 INFO [org.springframework.boot.web.embedded.tomcat.TomcatWebServer]: Tomcat initialized with port(s): 8898 (http)
2024-06-25 08:20:25 INFO [org.springframework.boot.web.servlet.context.ServletWebServerApplicationContext]: Root WebApplicationContext: initialization completed in 3700 ms
2024-06-25 08:20:27 INFO [org.springframework.boot.devtools.autoconfigure.OptionalLiveReloadServer]: LiveReload server is running on port 35729
2024-06-25 08:20:27 INFO [org.springframework.boot.web.embedded.tomcat.TomcatWebServer]: Tomcat started on port(s): 8898 (http) with context path ''
2024-06-25 08:20:27 INFO [com.example.yin.YinMusicApplication]: Started YinMusicApplication in 6.085 seconds (JVM running for 7.82)
2024-06-25 08:24:40 INFO [org.springframework.web.servlet.DispatcherServlet]: Initializing Servlet 'dispatcherServlet'
2024-06-25 08:24:40 INFO [org.springframework.web.servlet.DispatcherServlet]: Completed initialization in 2 ms
2024-06-25 08:24:40 INFO [com.zaxxer.hikari.HikariDataSource]: HikariPool-1 - Starting...
2024-06-25 08:24:41 INFO [com.zaxxer.hikari.HikariDataSource]: HikariPool-1 - Start completed.
2024-06-25 14:01:30 INFO [com.example.yin.YinMusicApplication]: Starting YinMusicApplication using Java 17.0.1 on Annhe with PID 19656 (E:\SoftwareTask\music\music-website-master\music-server\target\classes started by HP in E:\SoftwareTask\music\music-website-master\music-server)
2024-06-25 14:01:30 INFO [com.example.yin.YinMusicApplication]: The following profiles are active: dev
2024-06-25 14:01:30 INFO [org.springframework.boot.devtools.env.DevToolsPropertyDefaultsPostProcessor]: Devtools property defaults active! Set 'spring.devtools.add-properties' to 'false' to disable
2024-06-25 14:01:30 INFO [org.springframework.boot.devtools.env.DevToolsPropertyDefaultsPostProcessor]: For additional web related logging consider setting the 'logging.level.web' property to 'DEBUG'
2024-06-25 14:01:31 INFO [org.springframework.data.repository.config.RepositoryConfigurationDelegate]: Multiple Spring Data modules found, entering strict repository configuration mode!
2024-06-25 14:01:31 INFO [org.springframework.data.repository.config.RepositoryConfigurationDelegate]: Bootstrapping Spring Data Redis repositories in DEFAULT mode.
2024-06-25 14:01:31 INFO [org.springframework.data.repository.config.RepositoryConfigurationDelegate]: Finished Spring Data repository scanning in 14 ms. Found 0 Redis repository interfaces.
2024-06-25 14:01:32 INFO [org.springframework.boot.web.embedded.tomcat.TomcatWebServer]: Tomcat initialized with port(s): 8898 (http)
2024-06-25 14:01:32 INFO [org.springframework.boot.web.servlet.context.ServletWebServerApplicationContext]: Root WebApplicationContext: initialization completed in 1646 ms
2024-06-25 14:01:33 INFO [org.springframework.boot.devtools.autoconfigure.OptionalLiveReloadServer]: LiveReload server is running on port 35729
2024-06-25 14:01:33 INFO [org.springframework.boot.web.embedded.tomcat.TomcatWebServer]: Tomcat started on port(s): 8898 (http) with context path ''
2024-06-25 14:01:33 INFO [com.example.yin.YinMusicApplication]: Started YinMusicApplication in 2.743 seconds (JVM running for 3.423)
2024-06-25 15:09:45 INFO [org.springframework.web.servlet.DispatcherServlet]: Initializing Servlet 'dispatcherServlet'
2024-06-25 15:09:45 INFO [org.springframework.web.servlet.DispatcherServlet]: Completed initialization in 0 ms
2024-06-25 15:09:45 INFO [com.zaxxer.hikari.HikariDataSource]: HikariPool-1 - Starting...
2024-06-25 15:09:45 INFO [com.zaxxer.hikari.HikariDataSource]: HikariPool-1 - Start completed.
2024-06-25 16:09:11 INFO [com.zaxxer.hikari.HikariDataSource]: HikariPool-1 - Shutdown initiated...
2024-06-25 16:09:11 INFO [com.zaxxer.hikari.HikariDataSource]: HikariPool-1 - Shutdown completed.
2024-06-25 17:15:15 INFO [com.example.yin.YinMusicApplication]: Starting YinMusicApplication using Java 17.0.1 on Annhe with PID 1700 (E:\SoftwareTask\music\music-website-master\music-server\target\classes started by HP in E:\SoftwareTask\music\music-website-master\music-server)
2024-06-25 17:15:15 INFO [com.example.yin.YinMusicApplication]: The following profiles are active: dev
2024-06-25 17:15:15 INFO [org.springframework.boot.devtools.env.DevToolsPropertyDefaultsPostProcessor]: Devtools property defaults active! Set 'spring.devtools.add-properties' to 'false' to disable
2024-06-25 17:15:15 INFO [org.springframework.boot.devtools.env.DevToolsPropertyDefaultsPostProcessor]: For additional web related logging consider setting the 'logging.level.web' property to 'DEBUG'
2024-06-25 17:15:15 INFO [org.springframework.data.repository.config.RepositoryConfigurationDelegate]: Multiple Spring Data modules found, entering strict repository configuration mode!
2024-06-25 17:15:15 INFO [org.springframework.data.repository.config.RepositoryConfigurationDelegate]: Bootstrapping Spring Data Redis repositories in DEFAULT mode.
2024-06-25 17:15:15 INFO [org.springframework.data.repository.config.RepositoryConfigurationDelegate]: Finished Spring Data repository scanning in 16 ms. Found 0 Redis repository interfaces.
2024-06-25 17:15:17 INFO [org.springframework.boot.web.embedded.tomcat.TomcatWebServer]: Tomcat initialized with port(s): 8898 (http)
2024-06-25 17:15:17 INFO [org.springframework.boot.web.servlet.context.ServletWebServerApplicationContext]: Root WebApplicationContext: initialization completed in 2099 ms
2024-06-25 17:15:17 INFO [org.springframework.boot.devtools.autoconfigure.OptionalLiveReloadServer]: LiveReload server is running on port 35729
2024-06-25 17:15:18 INFO [org.springframework.boot.web.embedded.tomcat.TomcatWebServer]: Tomcat started on port(s): 8898 (http) with context path ''
2024-06-25 17:15:18 INFO [com.example.yin.YinMusicApplication]: Started YinMusicApplication in 3.352 seconds (JVM running for 4.284)
2024-06-25 17:15:26 INFO [org.springframework.web.servlet.DispatcherServlet]: Initializing Servlet 'dispatcherServlet'
2024-06-25 17:15:26 INFO [org.springframework.web.servlet.DispatcherServlet]: Completed initialization in 1 ms
2024-06-25 17:15:26 INFO [com.zaxxer.hikari.HikariDataSource]: HikariPool-1 - Starting...
2024-06-25 17:15:26 INFO [com.zaxxer.hikari.HikariDataSource]: HikariPool-1 - Start completed.
2024-06-25 17:29:21 INFO [com.zaxxer.hikari.HikariDataSource]: HikariPool-1 - Shutdown initiated...
2024-06-25 17:29:21 INFO [com.zaxxer.hikari.HikariDataSource]: HikariPool-1 - Shutdown completed.
