2024-07-01 14:36:58 INFO [com.example.yin.YinMusicApplication]: Starting YinMusicApplication using Java 17.0.1 on Annhe with PID 6984 (E:\SoftwareTask\music\music-website-master\music-server\target\classes started by HP in E:\SoftwareTask\music\music-website-master\music-server)
2024-07-01 14:36:58 INFO [com.example.yin.YinMusicApplication]: The following profiles are active: dev
2024-07-01 14:36:58 INFO [org.springframework.boot.devtools.env.DevToolsPropertyDefaultsPostProcessor]: Devtools property defaults active! Set 'spring.devtools.add-properties' to 'false' to disable
2024-07-01 14:36:58 INFO [org.springframework.boot.devtools.env.DevToolsPropertyDefaultsPostProcessor]: For additional web related logging consider setting the 'logging.level.web' property to 'DEBUG'
2024-07-01 14:36:58 INFO [org.springframework.data.repository.config.RepositoryConfigurationDelegate]: Multiple Spring Data modules found, entering strict repository configuration mode!
2024-07-01 14:36:58 INFO [org.springframework.data.repository.config.RepositoryConfigurationDelegate]: Bootstrapping Spring Data Redis repositories in DEFAULT mode.
2024-07-01 14:36:58 INFO [org.springframework.data.repository.config.RepositoryConfigurationDelegate]: Finished Spring Data repository scanning in 18 ms. Found 0 Redis repository interfaces.
2024-07-01 14:36:59 INFO [org.springframework.boot.web.embedded.tomcat.TomcatWebServer]: Tomcat initialized with port(s): 8898 (http)
2024-07-01 14:36:59 INFO [org.springframework.boot.web.servlet.context.ServletWebServerApplicationContext]: Root WebApplicationContext: initialization completed in 1862 ms
2024-07-01 14:37:00 INFO [org.springframework.boot.devtools.autoconfigure.OptionalLiveReloadServer]: LiveReload server is running on port 35729
2024-07-01 14:37:00 INFO [org.springframework.boot.web.embedded.tomcat.TomcatWebServer]: Tomcat started on port(s): 8898 (http) with context path ''
2024-07-01 14:37:00 INFO [com.example.yin.YinMusicApplication]: Started YinMusicApplication in 3.02 seconds (JVM running for 3.747)
2024-07-01 14:45:57 INFO [org.springframework.web.servlet.DispatcherServlet]: Initializing Servlet 'dispatcherServlet'
2024-07-01 14:45:57 INFO [org.springframework.web.servlet.DispatcherServlet]: Completed initialization in 1 ms
2024-07-01 14:45:57 INFO [com.zaxxer.hikari.HikariDataSource]: HikariPool-1 - Starting...
2024-07-01 14:45:57 INFO [com.zaxxer.hikari.HikariDataSource]: HikariPool-1 - Start completed.
2024-07-01 14:58:39 WARN [org.springframework.web.servlet.PageNotFound]: No mapping for GET /space
2024-07-01 14:59:28 WARN [org.springframework.web.servlet.PageNotFound]: No mapping for GET /space
2024-07-01 14:59:28 WARN [org.springframework.web.servlet.PageNotFound]: No mapping for GET /space
2024-07-01 14:59:29 WARN [org.springframework.web.servlet.PageNotFound]: No mapping for GET /space
2024-07-01 14:59:56 WARN [org.springframework.web.servlet.PageNotFound]: No mapping for GET /space
2024-07-01 15:00:00 WARN [org.springframework.web.servlet.PageNotFound]: No mapping for OPTIONS /space/add
2024-07-01 15:00:01 WARN [org.springframework.web.servlet.PageNotFound]: No mapping for OPTIONS /space/add
2024-07-01 15:11:42 WARN [org.springframework.web.servlet.PageNotFound]: No mapping for GET /space
2024-07-01 15:31:44 WARN [org.springframework.web.servlet.PageNotFound]: No mapping for GET /space
2024-07-01 15:32:07 WARN [org.springframework.web.servlet.PageNotFound]: No mapping for OPTIONS /space/add
2024-07-01 15:32:08 WARN [org.springframework.web.servlet.PageNotFound]: No mapping for OPTIONS /space/add
2024-07-01 15:32:09 WARN [org.springframework.web.servlet.PageNotFound]: No mapping for GET /space
2024-07-01 15:48:01 INFO [com.zaxxer.hikari.HikariDataSource]: HikariPool-1 - Shutdown initiated...
2024-07-01 15:48:01 INFO [com.zaxxer.hikari.HikariDataSource]: HikariPool-1 - Shutdown completed.
2024-07-01 15:48:05 INFO [com.example.yin.YinMusicApplication]: Starting YinMusicApplication using Java 17.0.1 on Annhe with PID 20516 (E:\SoftwareTask\music\music-website-master\music-server\target\classes started by HP in E:\SoftwareTask\music\music-website-master\music-server)
2024-07-01 15:48:05 INFO [com.example.yin.YinMusicApplication]: The following profiles are active: dev
2024-07-01 15:48:05 INFO [org.springframework.boot.devtools.env.DevToolsPropertyDefaultsPostProcessor]: Devtools property defaults active! Set 'spring.devtools.add-properties' to 'false' to disable
2024-07-01 15:48:05 INFO [org.springframework.boot.devtools.env.DevToolsPropertyDefaultsPostProcessor]: For additional web related logging consider setting the 'logging.level.web' property to 'DEBUG'
2024-07-01 15:48:05 INFO [org.springframework.data.repository.config.RepositoryConfigurationDelegate]: Multiple Spring Data modules found, entering strict repository configuration mode!
2024-07-01 15:48:05 INFO [org.springframework.data.repository.config.RepositoryConfigurationDelegate]: Bootstrapping Spring Data Redis repositories in DEFAULT mode.
2024-07-01 15:48:05 INFO [org.springframework.data.repository.config.RepositoryConfigurationDelegate]: Finished Spring Data repository scanning in 14 ms. Found 0 Redis repository interfaces.
2024-07-01 15:48:06 INFO [org.springframework.boot.web.embedded.tomcat.TomcatWebServer]: Tomcat initialized with port(s): 8898 (http)
2024-07-01 15:48:06 INFO [org.springframework.boot.web.servlet.context.ServletWebServerApplicationContext]: Root WebApplicationContext: initialization completed in 1478 ms
2024-07-01 15:48:07 INFO [org.springframework.boot.devtools.autoconfigure.OptionalLiveReloadServer]: LiveReload server is running on port 35729
2024-07-01 15:48:07 INFO [org.springframework.boot.web.embedded.tomcat.TomcatWebServer]: Tomcat started on port(s): 8898 (http) with context path ''
2024-07-01 15:48:07 INFO [com.example.yin.YinMusicApplication]: Started YinMusicApplication in 2.456 seconds (JVM running for 3.066)
2024-07-01 15:48:14 INFO [org.springframework.web.servlet.DispatcherServlet]: Initializing Servlet 'dispatcherServlet'
2024-07-01 15:48:14 INFO [org.springframework.web.servlet.DispatcherServlet]: Completed initialization in 1 ms
2024-07-01 15:48:14 INFO [com.zaxxer.hikari.HikariDataSource]: HikariPool-1 - Starting...
2024-07-01 15:48:14 INFO [com.zaxxer.hikari.HikariDataSource]: HikariPool-1 - Start completed.
2024-07-01 16:36:30 WARN [org.springframework.web.servlet.mvc.support.DefaultHandlerExceptionResolver]: Resolved [org.springframework.web.method.annotation.MethodArgumentTypeMismatchException: Failed to convert value of type 'java.lang.String' to required type 'java.lang.Integer'; nested exception is java.lang.NumberFormatException: For input string: "null"]
2024-07-01 16:36:31 WARN [org.springframework.web.servlet.mvc.support.DefaultHandlerExceptionResolver]: Resolved [org.springframework.web.method.annotation.MethodArgumentTypeMismatchException: Failed to convert value of type 'java.lang.String' to required type 'java.lang.Integer'; nested exception is java.lang.NumberFormatException: For input string: "null"]
2024-07-01 16:36:33 WARN [org.springframework.web.servlet.mvc.support.DefaultHandlerExceptionResolver]: Resolved [org.springframework.web.method.annotation.MethodArgumentTypeMismatchException: Failed to convert value of type 'java.lang.String' to required type 'java.lang.Integer'; nested exception is java.lang.NumberFormatException: For input string: "null"]
2024-07-01 16:37:29 WARN [org.springframework.web.servlet.mvc.support.DefaultHandlerExceptionResolver]: Resolved [org.springframework.web.method.annotation.MethodArgumentTypeMismatchException: Failed to convert value of type 'java.lang.String' to required type 'java.lang.Integer'; nested exception is java.lang.NumberFormatException: For input string: "null"]
2024-07-01 16:37:40 WARN [org.springframework.web.servlet.mvc.support.DefaultHandlerExceptionResolver]: Resolved [org.springframework.web.method.annotation.MethodArgumentTypeMismatchException: Failed to convert value of type 'java.lang.String' to required type 'java.lang.Integer'; nested exception is java.lang.NumberFormatException: For input string: "null"]
2024-07-01 16:37:40 WARN [org.springframework.web.servlet.mvc.support.DefaultHandlerExceptionResolver]: Resolved [org.springframework.web.method.annotation.MethodArgumentTypeMismatchException: Failed to convert value of type 'java.lang.String' to required type 'java.lang.Integer'; nested exception is java.lang.NumberFormatException: For input string: "null"]
2024-07-01 16:39:23 INFO [com.zaxxer.hikari.HikariDataSource]: HikariPool-1 - Shutdown initiated...
2024-07-01 16:39:23 INFO [com.zaxxer.hikari.HikariDataSource]: HikariPool-1 - Shutdown completed.
2024-07-01 16:39:25 INFO [com.example.yin.YinMusicApplication]: Starting YinMusicApplication using Java 17.0.1 on Annhe with PID 11092 (E:\SoftwareTask\music\music-website-master\music-server\target\classes started by HP in E:\SoftwareTask\music\music-website-master\music-server)
2024-07-01 16:39:25 INFO [com.example.yin.YinMusicApplication]: The following profiles are active: dev
2024-07-01 16:39:25 INFO [org.springframework.boot.devtools.env.DevToolsPropertyDefaultsPostProcessor]: Devtools property defaults active! Set 'spring.devtools.add-properties' to 'false' to disable
2024-07-01 16:39:25 INFO [org.springframework.boot.devtools.env.DevToolsPropertyDefaultsPostProcessor]: For additional web related logging consider setting the 'logging.level.web' property to 'DEBUG'
2024-07-01 16:39:25 INFO [org.springframework.data.repository.config.RepositoryConfigurationDelegate]: Multiple Spring Data modules found, entering strict repository configuration mode!
2024-07-01 16:39:25 INFO [org.springframework.data.repository.config.RepositoryConfigurationDelegate]: Bootstrapping Spring Data Redis repositories in DEFAULT mode.
2024-07-01 16:39:25 INFO [org.springframework.data.repository.config.RepositoryConfigurationDelegate]: Finished Spring Data repository scanning in 14 ms. Found 0 Redis repository interfaces.
2024-07-01 16:39:27 INFO [org.springframework.boot.web.embedded.tomcat.TomcatWebServer]: Tomcat initialized with port(s): 8898 (http)
2024-07-01 16:39:27 INFO [org.springframework.boot.web.servlet.context.ServletWebServerApplicationContext]: Root WebApplicationContext: initialization completed in 1741 ms
2024-07-01 16:39:27 INFO [org.springframework.boot.devtools.autoconfigure.OptionalLiveReloadServer]: LiveReload server is running on port 35729
2024-07-01 16:39:27 INFO [org.springframework.boot.web.embedded.tomcat.TomcatWebServer]: Tomcat started on port(s): 8898 (http) with context path ''
2024-07-01 16:39:27 INFO [com.example.yin.YinMusicApplication]: Started YinMusicApplication in 2.8 seconds (JVM running for 3.527)
2024-07-01 16:39:28 INFO [org.springframework.web.servlet.DispatcherServlet]: Initializing Servlet 'dispatcherServlet'
2024-07-01 16:39:28 INFO [org.springframework.web.servlet.DispatcherServlet]: Completed initialization in 0 ms
2024-07-01 16:39:28 WARN [org.springframework.web.servlet.mvc.support.DefaultHandlerExceptionResolver]: Resolved [org.springframework.web.method.annotation.MethodArgumentTypeMismatchException: Failed to convert value of type 'java.lang.String' to required type 'java.lang.Integer'; nested exception is java.lang.NumberFormatException: For input string: "null"]
2024-07-01 16:39:28 INFO [com.zaxxer.hikari.HikariDataSource]: HikariPool-1 - Starting...
2024-07-01 16:39:28 INFO [com.zaxxer.hikari.HikariDataSource]: HikariPool-1 - Start completed.
2024-07-01 16:39:29 WARN [org.springframework.web.servlet.mvc.support.DefaultHandlerExceptionResolver]: Resolved [org.springframework.web.method.annotation.MethodArgumentTypeMismatchException: Failed to convert value of type 'java.lang.String' to required type 'java.lang.Integer'; nested exception is java.lang.NumberFormatException: For input string: "null"]
2024-07-01 16:39:29 WARN [org.springframework.web.servlet.mvc.support.DefaultHandlerExceptionResolver]: Resolved [org.springframework.web.method.annotation.MethodArgumentTypeMismatchException: Failed to convert value of type 'java.lang.String' to required type 'java.lang.Integer'; nested exception is java.lang.NumberFormatException: For input string: "null"]
2024-07-01 16:39:32 WARN [org.springframework.web.servlet.mvc.support.DefaultHandlerExceptionResolver]: Resolved [org.springframework.web.method.annotation.MethodArgumentTypeMismatchException: Failed to convert value of type 'java.lang.String' to required type 'java.lang.Integer'; nested exception is java.lang.NumberFormatException: For input string: "null"]
2024-07-01 16:39:33 WARN [org.springframework.web.servlet.mvc.support.DefaultHandlerExceptionResolver]: Resolved [org.springframework.web.method.annotation.MethodArgumentTypeMismatchException: Failed to convert value of type 'java.lang.String' to required type 'java.lang.Integer'; nested exception is java.lang.NumberFormatException: For input string: "null"]
2024-07-01 16:45:19 INFO [com.zaxxer.hikari.HikariDataSource]: HikariPool-1 - Shutdown initiated...
2024-07-01 16:45:19 INFO [com.zaxxer.hikari.HikariDataSource]: HikariPool-1 - Shutdown completed.
2024-07-01 16:45:21 INFO [com.example.yin.YinMusicApplication]: Starting YinMusicApplication using Java 17.0.1 on Annhe with PID 17160 (E:\SoftwareTask\music\music-website-master\music-server\target\classes started by HP in E:\SoftwareTask\music\music-website-master\music-server)
2024-07-01 16:45:21 INFO [com.example.yin.YinMusicApplication]: The following profiles are active: dev
2024-07-01 16:45:21 INFO [org.springframework.boot.devtools.env.DevToolsPropertyDefaultsPostProcessor]: Devtools property defaults active! Set 'spring.devtools.add-properties' to 'false' to disable
2024-07-01 16:45:21 INFO [org.springframework.boot.devtools.env.DevToolsPropertyDefaultsPostProcessor]: For additional web related logging consider setting the 'logging.level.web' property to 'DEBUG'
2024-07-01 16:45:22 INFO [org.springframework.data.repository.config.RepositoryConfigurationDelegate]: Multiple Spring Data modules found, entering strict repository configuration mode!
2024-07-01 16:45:22 INFO [org.springframework.data.repository.config.RepositoryConfigurationDelegate]: Bootstrapping Spring Data Redis repositories in DEFAULT mode.
2024-07-01 16:45:22 INFO [org.springframework.data.repository.config.RepositoryConfigurationDelegate]: Finished Spring Data repository scanning in 27 ms. Found 0 Redis repository interfaces.
2024-07-01 16:45:23 INFO [org.springframework.boot.web.embedded.tomcat.TomcatWebServer]: Tomcat initialized with port(s): 8898 (http)
2024-07-01 16:45:23 INFO [org.springframework.boot.web.servlet.context.ServletWebServerApplicationContext]: Root WebApplicationContext: initialization completed in 1672 ms
2024-07-01 16:45:23 INFO [org.springframework.boot.devtools.autoconfigure.OptionalLiveReloadServer]: LiveReload server is running on port 35729
2024-07-01 16:45:24 INFO [org.springframework.boot.web.embedded.tomcat.TomcatWebServer]: Tomcat started on port(s): 8898 (http) with context path ''
2024-07-01 16:45:24 INFO [com.example.yin.YinMusicApplication]: Started YinMusicApplication in 2.665 seconds (JVM running for 3.364)
2024-07-01 16:45:27 INFO [org.springframework.web.servlet.DispatcherServlet]: Initializing Servlet 'dispatcherServlet'
2024-07-01 16:45:27 INFO [org.springframework.web.servlet.DispatcherServlet]: Completed initialization in 1 ms
2024-07-01 16:45:27 INFO [com.zaxxer.hikari.HikariDataSource]: HikariPool-1 - Starting...
2024-07-01 16:45:27 INFO [com.zaxxer.hikari.HikariDataSource]: HikariPool-1 - Start completed.
2024-07-01 16:45:29 WARN [org.springframework.web.servlet.mvc.support.DefaultHandlerExceptionResolver]: Resolved [org.springframework.web.method.annotation.MethodArgumentTypeMismatchException: Failed to convert value of type 'java.lang.String' to required type 'java.lang.Integer'; nested exception is java.lang.NumberFormatException: For input string: "null"]
2024-07-01 16:45:33 WARN [org.springframework.web.servlet.mvc.support.DefaultHandlerExceptionResolver]: Resolved [org.springframework.web.method.annotation.MethodArgumentTypeMismatchException: Failed to convert value of type 'java.lang.String' to required type 'java.lang.Integer'; nested exception is java.lang.NumberFormatException: For input string: "null"]
2024-07-01 16:45:45 WARN [org.springframework.web.servlet.mvc.support.DefaultHandlerExceptionResolver]: Resolved [org.springframework.web.method.annotation.MethodArgumentTypeMismatchException: Failed to convert value of type 'java.lang.String' to required type 'java.lang.Integer'; nested exception is java.lang.NumberFormatException: For input string: "null"]
2024-07-01 16:45:48 WARN [org.springframework.web.servlet.mvc.support.DefaultHandlerExceptionResolver]: Resolved [org.springframework.web.method.annotation.MethodArgumentTypeMismatchException: Failed to convert value of type 'java.lang.String' to required type 'java.lang.Integer'; nested exception is java.lang.NumberFormatException: For input string: "null"]
2024-07-01 16:45:50 WARN [org.springframework.web.servlet.mvc.support.DefaultHandlerExceptionResolver]: Resolved [org.springframework.web.method.annotation.MethodArgumentTypeMismatchException: Failed to convert value of type 'java.lang.String' to required type 'java.lang.Integer'; nested exception is java.lang.NumberFormatException: For input string: "null"]
2024-07-01 16:47:24 WARN [org.springframework.web.servlet.mvc.support.DefaultHandlerExceptionResolver]: Resolved [org.springframework.web.method.annotation.MethodArgumentTypeMismatchException: Failed to convert value of type 'java.lang.String' to required type 'java.lang.Integer'; nested exception is java.lang.NumberFormatException: For input string: "null"]
2024-07-01 16:47:24 WARN [org.springframework.web.servlet.mvc.support.DefaultHandlerExceptionResolver]: Resolved [org.springframework.web.method.annotation.MethodArgumentTypeMismatchException: Failed to convert value of type 'java.lang.String' to required type 'java.lang.Integer'; nested exception is java.lang.NumberFormatException: For input string: "null"]
2024-07-01 16:49:05 WARN [org.springframework.web.servlet.mvc.support.DefaultHandlerExceptionResolver]: Resolved [org.springframework.web.method.annotation.MethodArgumentTypeMismatchException: Failed to convert value of type 'java.lang.String' to required type 'java.lang.Integer'; nested exception is java.lang.NumberFormatException: For input string: "null"]
2024-07-01 16:50:13 WARN [org.springframework.web.servlet.mvc.support.DefaultHandlerExceptionResolver]: Resolved [org.springframework.web.method.annotation.MethodArgumentTypeMismatchException: Failed to convert value of type 'java.lang.String' to required type 'java.lang.Integer'; nested exception is java.lang.NumberFormatException: For input string: "null"]
2024-07-01 16:50:25 WARN [org.springframework.web.servlet.mvc.support.DefaultHandlerExceptionResolver]: Resolved [org.springframework.web.method.annotation.MethodArgumentTypeMismatchException: Failed to convert value of type 'java.lang.String' to required type 'java.lang.Integer'; nested exception is java.lang.NumberFormatException: For input string: "null"]
2024-07-01 16:52:55 WARN [org.springframework.web.servlet.mvc.support.DefaultHandlerExceptionResolver]: Resolved [org.springframework.web.method.annotation.MethodArgumentTypeMismatchException: Failed to convert value of type 'java.lang.String' to required type 'java.lang.Integer'; nested exception is java.lang.NumberFormatException: For input string: "null"]
2024-07-01 16:56:27 WARN [org.springframework.web.servlet.mvc.support.DefaultHandlerExceptionResolver]: Resolved [org.springframework.web.method.annotation.MethodArgumentTypeMismatchException: Failed to convert value of type 'java.lang.String' to required type 'java.lang.Integer'; nested exception is java.lang.NumberFormatException: For input string: "null"]
2024-07-01 17:27:11 INFO [com.zaxxer.hikari.HikariDataSource]: HikariPool-1 - Shutdown initiated...
2024-07-01 17:27:11 INFO [com.zaxxer.hikari.HikariDataSource]: HikariPool-1 - Shutdown completed.
